<?xml version="1.0" encoding="UTF-8"?>
<TestRun id="62d283ce-5cfc-4165-bbf2-b92458f13bf6" name="320067390@INGBTCPIC5NBZZ5 2019-09-16 06:59:39" runUser="CODE1\320067390" xmlns="http://microsoft.com/schemas/VisualStudio/TeamTest/2010">
  <TestSettings name="Default Test Settings" id="6ec23ceb-40fd-4979-8b16-c9806841e6f6">
    <Execution>
      <TestTypeSpecific />
      <AgentRule name="Execution Agents">
      </AgentRule>
    </Execution>
    <Deployment runDeploymentRoot="320067390_INGBTCPIC5NBZZ5 2019-09-16 06_59_39" />
    <Properties />
  </TestSettings>
  <Times creation="2019-09-16T06:59:39.9339791+05:30" queuing="2019-09-16T06:59:40.4177298+05:30" start="2019-09-16T06:59:40.4801940+05:30" finish="2019-09-16T06:59:40.8101037+05:30" />
  <ResultSummary outcome="Completed">
    <Counters total="2" executed="2" passed="2" error="0" failed="0" timeout="0" aborted="0" inconclusive="0" passedButRunAborted="0" notRunnable="0" notExecuted="0" disconnected="0" warning="0" completed="0" inProgress="0" pending="0" />
  </ResultSummary>
  <TestDefinitions>
    <UnitTest name="Given_PositiveInvalidPulseRateValue_When_PatientPulseRateValidator_Invoked_TrueExpected" storage="c:\users\320067390\patientmonitorapi\patientmonitorsystemcasestudy2\patientmonitorserverapi\patientpulseratevalidatorlib.tests\bin\debug\patientpulseratevalidatorlib.tests.dll" id="69d5a71b-2649-71c7-d2d0-8b13daff0c6f">
      <Execution id="3548a249-32b8-4884-b499-e0f7d45c6a89" />
      <TestMethod codeBase="C:/Users/320067390/PatientMonitorAPI/PatientMonitorSystemCaseStudy2/PatientMonitorServerApi/PatientPulseRateValidatorLib.Tests/bin/Debug/PatientPulseRateValidatorLib.Tests.DLL" adapterTypeName="Microsoft.VisualStudio.TestTools.TestTypes.Unit.UnitTestAdapter, Microsoft.VisualStudio.QualityTools.Tips.UnitTest.Adapter, Version=12.0.0.0, Culture=neutral, PublicKeyToken=b03f5f7f11d50a3a" className="PatientPulseRateValidatorLib.Tests.PatientPulseRateValidatorUnitTest, PatientPulseRateValidatorLib.Tests, Version=1.0.0.0, Culture=neutral, PublicKeyToken=null" name="Given_PositiveInvalidPulseRateValue_When_PatientPulseRateValidator_Invoked_TrueExpected" />
    </UnitTest>
    <UnitTest name="Given_ValidPulseRateValue_When_PatientPulseRateValidator_Invoked_FalseExpected" storage="c:\users\320067390\patientmonitorapi\patientmonitorsystemcasestudy2\patientmonitorserverapi\patientpulseratevalidatorlib.tests\bin\debug\patientpulseratevalidatorlib.tests.dll" id="db7a1cfc-97ce-8d9a-5685-6fe713fc324f">
      <Execution id="b6ba4c53-7c67-43e2-b396-ec0e1241492d" />
      <TestMethod codeBase="C:/Users/320067390/PatientMonitorAPI/PatientMonitorSystemCaseStudy2/PatientMonitorServerApi/PatientPulseRateValidatorLib.Tests/bin/Debug/PatientPulseRateValidatorLib.Tests.DLL" adapterTypeName="Microsoft.VisualStudio.TestTools.TestTypes.Unit.UnitTestAdapter, Microsoft.VisualStudio.QualityTools.Tips.UnitTest.Adapter, Version=12.0.0.0, Culture=neutral, PublicKeyToken=b03f5f7f11d50a3a" className="PatientPulseRateValidatorLib.Tests.PatientPulseRateValidatorUnitTest, PatientPulseRateValidatorLib.Tests, Version=1.0.0.0, Culture=neutral, PublicKeyToken=null" name="Given_ValidPulseRateValue_When_PatientPulseRateValidator_Invoked_FalseExpected" />
    </UnitTest>
  </TestDefinitions>
  <TestLists>
    <TestList name="Results Not in a List" id="8c84fa94-04c1-424b-9868-57a2d4851a1d" />
    <TestList name="All Loaded Results" id="19431567-8539-422a-85d7-44ee4e166bda" />
  </TestLists>
  <TestEntries>
    <TestEntry testId="69d5a71b-2649-71c7-d2d0-8b13daff0c6f" executionId="3548a249-32b8-4884-b499-e0f7d45c6a89" testListId="8c84fa94-04c1-424b-9868-57a2d4851a1d" />
    <TestEntry testId="db7a1cfc-97ce-8d9a-5685-6fe713fc324f" executionId="b6ba4c53-7c67-43e2-b396-ec0e1241492d" testListId="8c84fa94-04c1-424b-9868-57a2d4851a1d" />
  </TestEntries>
  <Results>
    <UnitTestResult executionId="3548a249-32b8-4884-b499-e0f7d45c6a89" testId="69d5a71b-2649-71c7-d2d0-8b13daff0c6f" testName="Given_PositiveInvalidPulseRateValue_When_PatientPulseRateValidator_Invoked_TrueExpected" computerName="INGBTCPIC5NBZZ5" duration="00:00:00.0160062" startTime="2019-09-16T06:59:40.5114449+05:30" endTime="2019-09-16T06:59:40.7788408+05:30" testType="13cdc9d9-ddb5-4fa4-a97d-d965ccfc6d4b" outcome="Passed" testListId="8c84fa94-04c1-424b-9868-57a2d4851a1d" relativeResultsDirectory="3548a249-32b8-4884-b499-e0f7d45c6a89">
    </UnitTestResult>
    <UnitTestResult executionId="b6ba4c53-7c67-43e2-b396-ec0e1241492d" testId="db7a1cfc-97ce-8d9a-5685-6fe713fc324f" testName="Given_ValidPulseRateValue_When_PatientPulseRateValidator_Invoked_FalseExpected" computerName="INGBTCPIC5NBZZ5" duration="00:00:00.0001505" startTime="2019-09-16T06:59:40.7788408+05:30" endTime="2019-09-16T06:59:40.7788408+05:30" testType="13cdc9d9-ddb5-4fa4-a97d-d965ccfc6d4b" outcome="Passed" testListId="8c84fa94-04c1-424b-9868-57a2d4851a1d" relativeResultsDirectory="b6ba4c53-7c67-43e2-b396-ec0e1241492d">
    </UnitTestResult>
  </Results>
</TestRun>