<?xml version="1.0" encoding="UTF-8"?>
<TestRun id="35ca73e5-e392-4fff-bf82-2d7de5ba1932" name="320067390@INGBTCPIC5NBZZ5 2019-09-15 08:57:23" runUser="CODE1\320067390" xmlns="http://microsoft.com/schemas/VisualStudio/TeamTest/2010">
  <TestSettings name="Default Test Settings" id="624fe528-9daf-46d4-9535-36e38f0daeb0">
    <Execution>
      <TestTypeSpecific />
      <AgentRule name="Execution Agents">
      </AgentRule>
    </Execution>
    <Deployment runDeploymentRoot="320067390_INGBTCPIC5NBZZ5 2019-09-15 08_57_23" />
    <Properties />
  </TestSettings>
  <Times creation="2019-09-15T08:57:23.1939453+05:30" queuing="2019-09-15T08:57:23.6989449+05:30" start="2019-09-15T08:57:23.7789507+05:30" finish="2019-09-15T08:57:24.1839813+05:30" />
  <ResultSummary outcome="Completed">
    <Counters total="2" executed="2" passed="2" error="0" failed="0" timeout="0" aborted="0" inconclusive="0" passedButRunAborted="0" notRunnable="0" notExecuted="0" disconnected="0" warning="0" completed="0" inProgress="0" pending="0" />
  </ResultSummary>
  <TestDefinitions>
    <UnitTest name="Given_ValidJsonString_When_IsValidFormatInvoked_Expected_True" storage="c:\users\320067390\music\patientmonitorserverapi2\patientmonitorserverapi\jsonformatvalidatorlib.tests\bin\debug\jsonformatvalidatorlib.tests.dll" id="d72d92d5-a826-2447-739d-b199361f417c">
      <Execution id="6f3798e5-f617-47b5-8e11-8236281b1cfd" />
      <TestMethod codeBase="C:/Users/320067390/Music/PatientMonitorServerApi2/PatientMonitorServerApi/JsonFormatValidatorLib.Tests/bin/Debug/JsonFormatValidatorLib.Tests.DLL" adapterTypeName="Microsoft.VisualStudio.TestTools.TestTypes.Unit.UnitTestAdapter, Microsoft.VisualStudio.QualityTools.Tips.UnitTest.Adapter, Version=12.0.0.0, Culture=neutral, PublicKeyToken=b03f5f7f11d50a3a" className="JsonFormatValidatorLib.Tests.JsonFormatValidatorUnitTest, JsonFormatValidatorLib.Tests, Version=1.0.0.0, Culture=neutral, PublicKeyToken=null" name="Given_ValidJsonString_When_IsValidFormatInvoked_Expected_True" />
    </UnitTest>
    <UnitTest name="Given_InvalidJsonString_When_IsValidFormatInvoked_Expected_False" storage="c:\users\320067390\music\patientmonitorserverapi2\patientmonitorserverapi\jsonformatvalidatorlib.tests\bin\debug\jsonformatvalidatorlib.tests.dll" id="be54d455-bac2-b14e-3904-fd47c6505dec">
      <Execution id="26f2770e-02ea-4e76-8b81-54d1ef047664" />
      <TestMethod codeBase="C:/Users/320067390/Music/PatientMonitorServerApi2/PatientMonitorServerApi/JsonFormatValidatorLib.Tests/bin/Debug/JsonFormatValidatorLib.Tests.DLL" adapterTypeName="Microsoft.VisualStudio.TestTools.TestTypes.Unit.UnitTestAdapter, Microsoft.VisualStudio.QualityTools.Tips.UnitTest.Adapter, Version=12.0.0.0, Culture=neutral, PublicKeyToken=b03f5f7f11d50a3a" className="JsonFormatValidatorLib.Tests.JsonFormatValidatorUnitTest, JsonFormatValidatorLib.Tests, Version=1.0.0.0, Culture=neutral, PublicKeyToken=null" name="Given_InvalidJsonString_When_IsValidFormatInvoked_Expected_False" />
    </UnitTest>
  </TestDefinitions>
  <TestLists>
    <TestList name="Results Not in a List" id="8c84fa94-04c1-424b-9868-57a2d4851a1d" />
    <TestList name="All Loaded Results" id="19431567-8539-422a-85d7-44ee4e166bda" />
  </TestLists>
  <TestEntries>
    <TestEntry testId="be54d455-bac2-b14e-3904-fd47c6505dec" executionId="26f2770e-02ea-4e76-8b81-54d1ef047664" testListId="8c84fa94-04c1-424b-9868-57a2d4851a1d" />
    <TestEntry testId="d72d92d5-a826-2447-739d-b199361f417c" executionId="6f3798e5-f617-47b5-8e11-8236281b1cfd" testListId="8c84fa94-04c1-424b-9868-57a2d4851a1d" />
  </TestEntries>
  <Results>
    <UnitTestResult executionId="26f2770e-02ea-4e76-8b81-54d1ef047664" testId="be54d455-bac2-b14e-3904-fd47c6505dec" testName="Given_InvalidJsonString_When_IsValidFormatInvoked_Expected_False" computerName="INGBTCPIC5NBZZ5" duration="00:00:00.0599124" startTime="2019-09-15T08:57:23.8069461+05:30" endTime="2019-09-15T08:57:24.1429455+05:30" testType="13cdc9d9-ddb5-4fa4-a97d-d965ccfc6d4b" outcome="Passed" testListId="8c84fa94-04c1-424b-9868-57a2d4851a1d" relativeResultsDirectory="26f2770e-02ea-4e76-8b81-54d1ef047664">
    </UnitTestResult>
    <UnitTestResult executionId="6f3798e5-f617-47b5-8e11-8236281b1cfd" testId="d72d92d5-a826-2447-739d-b199361f417c" testName="Given_ValidJsonString_When_IsValidFormatInvoked_Expected_True" computerName="INGBTCPIC5NBZZ5" duration="00:00:00.0077979" startTime="2019-09-15T08:57:24.1449505+05:30" endTime="2019-09-15T08:57:24.1539814+05:30" testType="13cdc9d9-ddb5-4fa4-a97d-d965ccfc6d4b" outcome="Passed" testListId="8c84fa94-04c1-424b-9868-57a2d4851a1d" relativeResultsDirectory="6f3798e5-f617-47b5-8e11-8236281b1cfd">
    </UnitTestResult>
  </Results>
</TestRun>