<?xml version="1.0" encoding="UTF-8"?>
<TestRun id="b539cb16-2b4a-4064-91cd-d42205ebfd38" name="320067390@INGBTCPIC5NBZZ5 2019-09-15 08:57:27" runUser="CODE1\320067390" xmlns="http://microsoft.com/schemas/VisualStudio/TeamTest/2010">
  <TestSettings name="Default Test Settings" id="d9274601-0d7f-4876-adae-a0a978ce6043">
    <Execution>
      <TestTypeSpecific />
      <AgentRule name="Execution Agents">
      </AgentRule>
    </Execution>
    <Deployment runDeploymentRoot="320067390_INGBTCPIC5NBZZ5 2019-09-15 08_57_27" />
    <Properties />
  </TestSettings>
  <Times creation="2019-09-15T08:57:27.0238955+05:30" queuing="2019-09-15T08:57:27.5778920+05:30" start="2019-09-15T08:57:27.6388916+05:30" finish="2019-09-15T08:57:27.9788979+05:30" />
  <ResultSummary outcome="Completed">
    <Counters total="1" executed="1" passed="1" error="0" failed="0" timeout="0" aborted="0" inconclusive="0" passedButRunAborted="0" notRunnable="0" notExecuted="0" disconnected="0" warning="0" completed="0" inProgress="0" pending="0" />
  </ResultSummary>
  <TestDefinitions>
    <UnitTest name="Given_ValidTemperatureValue_When_PatientTemperatureValidator_Invoked_FalseExpected" storage="c:\users\320067390\music\patientmonitorserverapi2\patientmonitorserverapi\patienttemperaturevalidatorlib.tests\bin\debug\patienttemperaturevalidatorlib.tests.dll" id="d3323cc4-7a46-846a-c71b-6418d8eae48f">
      <Execution id="afcb5af2-8f92-4332-9ef2-dde02f2dd231" />
      <TestMethod codeBase="C:/Users/320067390/Music/PatientMonitorServerApi2/PatientMonitorServerApi/PatientTemperatureValidatorLib.Tests/bin/Debug/PatientTemperatureValidatorLib.Tests.DLL" adapterTypeName="Microsoft.VisualStudio.TestTools.TestTypes.Unit.UnitTestAdapter, Microsoft.VisualStudio.QualityTools.Tips.UnitTest.Adapter, Version=12.0.0.0, Culture=neutral, PublicKeyToken=b03f5f7f11d50a3a" className="PatientTemperatureValidatorLib.Tests.PatientTemperatureValidatorUnitTest, PatientTemperatureValidatorLib.Tests, Version=1.0.0.0, Culture=neutral, PublicKeyToken=null" name="Given_ValidTemperatureValue_When_PatientTemperatureValidator_Invoked_FalseExpected" />
    </UnitTest>
  </TestDefinitions>
  <TestLists>
    <TestList name="Results Not in a List" id="8c84fa94-04c1-424b-9868-57a2d4851a1d" />
    <TestList name="All Loaded Results" id="19431567-8539-422a-85d7-44ee4e166bda" />
  </TestLists>
  <TestEntries>
    <TestEntry testId="d3323cc4-7a46-846a-c71b-6418d8eae48f" executionId="afcb5af2-8f92-4332-9ef2-dde02f2dd231" testListId="8c84fa94-04c1-424b-9868-57a2d4851a1d" />
  </TestEntries>
  <Results>
    <UnitTestResult executionId="afcb5af2-8f92-4332-9ef2-dde02f2dd231" testId="d3323cc4-7a46-846a-c71b-6418d8eae48f" testName="Given_ValidTemperatureValue_When_PatientTemperatureValidator_Invoked_FalseExpected" computerName="INGBTCPIC5NBZZ5" duration="00:00:00.0167049" startTime="2019-09-15T08:57:27.6658913+05:30" endTime="2019-09-15T08:57:27.9438902+05:30" testType="13cdc9d9-ddb5-4fa4-a97d-d965ccfc6d4b" outcome="Passed" testListId="8c84fa94-04c1-424b-9868-57a2d4851a1d" relativeResultsDirectory="afcb5af2-8f92-4332-9ef2-dde02f2dd231">
    </UnitTestResult>
  </Results>
</TestRun>