<?xml version="1.0" encoding="UTF-8"?>
<TestRun id="6f16da3b-bd81-4102-9c6c-f27c0b669545" name="320067390@INGBTCPIC5NBZZ5 2019-09-15 13:47:37" runUser="CODE1\320067390" xmlns="http://microsoft.com/schemas/VisualStudio/TeamTest/2010">
  <TestSettings name="Default Test Settings" id="e13dae99-d48d-4977-9a07-12524099f375">
    <Execution>
      <TestTypeSpecific />
      <AgentRule name="Execution Agents">
      </AgentRule>
    </Execution>
    <Deployment runDeploymentRoot="320067390_INGBTCPIC5NBZZ5 2019-09-15 13_47_37" />
    <Properties />
  </TestSettings>
  <Times creation="2019-09-15T13:47:37.8171692+05:30" queuing="2019-09-15T13:47:38.3071694+05:30" start="2019-09-15T13:47:38.3631687+05:30" finish="2019-09-15T13:47:38.6926605+05:30" />
  <ResultSummary outcome="Completed">
    <Counters total="2" executed="2" passed="2" error="0" failed="0" timeout="0" aborted="0" inconclusive="0" passedButRunAborted="0" notRunnable="0" notExecuted="0" disconnected="0" warning="0" completed="0" inProgress="0" pending="0" />
  </ResultSummary>
  <TestDefinitions>
    <UnitTest name="Given_PositiveInvalidPulseRateValue_When_PatientPulseRateValidator_Invoked_TrueExpected" storage="c:\users\320067390\music\patientmonitorserverapi2\patientmonitorserverapi\patientpulseratevalidatorlib.tests\bin\debug\patientpulseratevalidatorlib.tests.dll" id="69d5a71b-2649-71c7-d2d0-8b13daff0c6f">
      <Execution id="7b4a8532-5347-4cfd-b41c-880ac4346ed4" />
      <TestMethod codeBase="C:/Users/320067390/Music/PatientMonitorServerApi2/PatientMonitorServerApi/PatientPulseRateValidatorLib.Tests/bin/Debug/PatientPulseRateValidatorLib.Tests.DLL" adapterTypeName="Microsoft.VisualStudio.TestTools.TestTypes.Unit.UnitTestAdapter, Microsoft.VisualStudio.QualityTools.Tips.UnitTest.Adapter, Version=12.0.0.0, Culture=neutral, PublicKeyToken=b03f5f7f11d50a3a" className="PatientPulseRateValidatorLib.Tests.PatientPulseRateValidatorUnitTest, PatientPulseRateValidatorLib.Tests, Version=1.0.0.0, Culture=neutral, PublicKeyToken=null" name="Given_PositiveInvalidPulseRateValue_When_PatientPulseRateValidator_Invoked_TrueExpected" />
    </UnitTest>
    <UnitTest name="Given_ValidPulseRateValue_When_PatientPulseRateValidator_Invoked_FalseExpected" storage="c:\users\320067390\music\patientmonitorserverapi2\patientmonitorserverapi\patientpulseratevalidatorlib.tests\bin\debug\patientpulseratevalidatorlib.tests.dll" id="db7a1cfc-97ce-8d9a-5685-6fe713fc324f">
      <Execution id="9fe2d972-1edf-4693-8742-ac47c1251390" />
      <TestMethod codeBase="C:/Users/320067390/Music/PatientMonitorServerApi2/PatientMonitorServerApi/PatientPulseRateValidatorLib.Tests/bin/Debug/PatientPulseRateValidatorLib.Tests.DLL" adapterTypeName="Microsoft.VisualStudio.TestTools.TestTypes.Unit.UnitTestAdapter, Microsoft.VisualStudio.QualityTools.Tips.UnitTest.Adapter, Version=12.0.0.0, Culture=neutral, PublicKeyToken=b03f5f7f11d50a3a" className="PatientPulseRateValidatorLib.Tests.PatientPulseRateValidatorUnitTest, PatientPulseRateValidatorLib.Tests, Version=1.0.0.0, Culture=neutral, PublicKeyToken=null" name="Given_ValidPulseRateValue_When_PatientPulseRateValidator_Invoked_FalseExpected" />
    </UnitTest>
  </TestDefinitions>
  <TestLists>
    <TestList name="Results Not in a List" id="8c84fa94-04c1-424b-9868-57a2d4851a1d" />
    <TestList name="All Loaded Results" id="19431567-8539-422a-85d7-44ee4e166bda" />
  </TestLists>
  <TestEntries>
    <TestEntry testId="69d5a71b-2649-71c7-d2d0-8b13daff0c6f" executionId="7b4a8532-5347-4cfd-b41c-880ac4346ed4" testListId="8c84fa94-04c1-424b-9868-57a2d4851a1d" />
    <TestEntry testId="db7a1cfc-97ce-8d9a-5685-6fe713fc324f" executionId="9fe2d972-1edf-4693-8742-ac47c1251390" testListId="8c84fa94-04c1-424b-9868-57a2d4851a1d" />
  </TestEntries>
  <Results>
    <UnitTestResult executionId="7b4a8532-5347-4cfd-b41c-880ac4346ed4" testId="69d5a71b-2649-71c7-d2d0-8b13daff0c6f" testName="Given_PositiveInvalidPulseRateValue_When_PatientPulseRateValidator_Invoked_TrueExpected" computerName="INGBTCPIC5NBZZ5" duration="00:00:00.0157235" startTime="2019-09-15T13:47:38.3912222+05:30" endTime="2019-09-15T13:47:38.6591705+05:30" testType="13cdc9d9-ddb5-4fa4-a97d-d965ccfc6d4b" outcome="Passed" testListId="8c84fa94-04c1-424b-9868-57a2d4851a1d" relativeResultsDirectory="7b4a8532-5347-4cfd-b41c-880ac4346ed4">
    </UnitTestResult>
    <UnitTestResult executionId="9fe2d972-1edf-4693-8742-ac47c1251390" testId="db7a1cfc-97ce-8d9a-5685-6fe713fc324f" testName="Given_ValidPulseRateValue_When_PatientPulseRateValidator_Invoked_FalseExpected" computerName="INGBTCPIC5NBZZ5" duration="00:00:00.0001366" startTime="2019-09-15T13:47:38.6601714+05:30" endTime="2019-09-15T13:47:38.6621684+05:30" testType="13cdc9d9-ddb5-4fa4-a97d-d965ccfc6d4b" outcome="Passed" testListId="8c84fa94-04c1-424b-9868-57a2d4851a1d" relativeResultsDirectory="9fe2d972-1edf-4693-8742-ac47c1251390">
    </UnitTestResult>
  </Results>
</TestRun>