<?xml version="1.0" encoding="UTF-8"?>
<TestRun id="153cf4af-3a16-499f-8386-034b4f369fac" name="320067390@INGBTCPIC5NBZZ5 2019-09-16 10:54:46" runUser="CODE1\320067390" xmlns="http://microsoft.com/schemas/VisualStudio/TeamTest/2010">
  <TestSettings name="Default Test Settings" id="174aae8e-c849-4f54-979f-ad35a8db6942">
    <Execution>
      <TestTypeSpecific />
      <AgentRule name="Execution Agents">
      </AgentRule>
    </Execution>
    <Deployment runDeploymentRoot="320067390_INGBTCPIC5NBZZ5 2019-09-16 10_54_46" />
    <Properties />
  </TestSettings>
  <Times creation="2019-09-16T10:54:46.4647162+05:30" queuing="2019-09-16T10:54:46.9547162+05:30" start="2019-09-16T10:54:47.0137515+05:30" finish="2019-09-16T10:54:47.4927169+05:30" />
  <ResultSummary outcome="Completed">
    <Counters total="1" executed="1" passed="1" error="0" failed="0" timeout="0" aborted="0" inconclusive="0" passedButRunAborted="0" notRunnable="0" notExecuted="0" disconnected="0" warning="0" completed="0" inProgress="0" pending="0" />
  </ResultSummary>
  <TestDefinitions>
    <UnitTest name="Given_ValidJsonString_When_PatientDataExtractorInvoked_Expected_PatientDataObject" storage="c:\users\320067390\patientmonitorapi\patientmonitorsystemcasestudy2\patientmonitorserverapi\jsonpatientdataextractorlib.tests\bin\debug\jsonpatientdataextractorlib.tests.dll" id="106c22d0-d809-89b1-074a-ef3cae7f33f2">
      <Execution id="6173d3a4-dd81-4e0d-8364-1ad947cb3461" />
      <TestMethod codeBase="C:/Users/320067390/PatientMonitorAPI/PatientMonitorSystemCaseStudy2/PatientMonitorServerApi/JsonPatientDataExtractorLib.Tests/bin/Debug/JsonPatientDataExtractorLib.Tests.DLL" adapterTypeName="Microsoft.VisualStudio.TestTools.TestTypes.Unit.UnitTestAdapter, Microsoft.VisualStudio.QualityTools.Tips.UnitTest.Adapter, Version=12.0.0.0, Culture=neutral, PublicKeyToken=b03f5f7f11d50a3a" className="JsonPatientDataExtractorLib.Tests.JsonPatientDataExtractorUnitTest, JsonPatientDataExtractorLib.Tests, Version=1.0.0.0, Culture=neutral, PublicKeyToken=null" name="Given_ValidJsonString_When_PatientDataExtractorInvoked_Expected_PatientDataObject" />
    </UnitTest>
  </TestDefinitions>
  <TestLists>
    <TestList name="Results Not in a List" id="8c84fa94-04c1-424b-9868-57a2d4851a1d" />
    <TestList name="All Loaded Results" id="19431567-8539-422a-85d7-44ee4e166bda" />
  </TestLists>
  <TestEntries>
    <TestEntry testId="106c22d0-d809-89b1-074a-ef3cae7f33f2" executionId="6173d3a4-dd81-4e0d-8364-1ad947cb3461" testListId="8c84fa94-04c1-424b-9868-57a2d4851a1d" />
  </TestEntries>
  <Results>
    <UnitTestResult executionId="6173d3a4-dd81-4e0d-8364-1ad947cb3461" testId="106c22d0-d809-89b1-074a-ef3cae7f33f2" testName="Given_ValidJsonString_When_PatientDataExtractorInvoked_Expected_PatientDataObject" computerName="INGBTCPIC5NBZZ5" duration="00:00:00.1600541" startTime="2019-09-16T10:54:47.0397509+05:30" endTime="2019-09-16T10:54:47.4547225+05:30" testType="13cdc9d9-ddb5-4fa4-a97d-d965ccfc6d4b" outcome="Passed" testListId="8c84fa94-04c1-424b-9868-57a2d4851a1d" relativeResultsDirectory="6173d3a4-dd81-4e0d-8364-1ad947cb3461">
    </UnitTestResult>
  </Results>
</TestRun>