<?xml version="1.0" encoding="UTF-8"?>
<TestRun id="102dace4-9c9e-49d0-8ae6-7b44a86757b3" name="320067390@INGBTCPIC5NBZZ5 2019-09-16 10:51:02" runUser="CODE1\320067390" xmlns="http://microsoft.com/schemas/VisualStudio/TeamTest/2010">
  <TestSettings name="Default Test Settings" id="b9b6124b-7127-4d93-911c-3386f9d7820e">
    <Execution>
      <TestTypeSpecific />
      <AgentRule name="Execution Agents">
      </AgentRule>
    </Execution>
    <Deployment runDeploymentRoot="320067390_INGBTCPIC5NBZZ5 2019-09-16 10_51_02" />
    <Properties />
  </TestSettings>
  <Times creation="2019-09-16T10:51:02.3793266+05:30" queuing="2019-09-16T10:51:02.8943376+05:30" start="2019-09-16T10:51:02.9543427+05:30" finish="2019-09-16T10:51:03.4423525+05:30" />
  <ResultSummary outcome="Completed">
    <Counters total="1" executed="1" passed="1" error="0" failed="0" timeout="0" aborted="0" inconclusive="0" passedButRunAborted="0" notRunnable="0" notExecuted="0" disconnected="0" warning="0" completed="0" inProgress="0" pending="0" />
  </ResultSummary>
  <TestDefinitions>
    <UnitTest name="Given_ValidJsonString_When_PatientDataExtractorInvoked_Expected_PatientDataObject" storage="c:\users\320067390\music\patientmonitorserverapi2\patientmonitorserverapi\jsonpatientdataextractorlib.tests\bin\debug\jsonpatientdataextractorlib.tests.dll" id="106c22d0-d809-89b1-074a-ef3cae7f33f2">
      <Execution id="4a33e6df-3e4a-40f8-a1a9-0d37a37c95fd" />
      <TestMethod codeBase="C:/Users/320067390/Music/PatientMonitorServerApi2/PatientMonitorServerApi/JsonPatientDataExtractorLib.Tests/bin/Debug/JsonPatientDataExtractorLib.Tests.DLL" adapterTypeName="Microsoft.VisualStudio.TestTools.TestTypes.Unit.UnitTestAdapter, Microsoft.VisualStudio.QualityTools.Tips.UnitTest.Adapter, Version=12.0.0.0, Culture=neutral, PublicKeyToken=b03f5f7f11d50a3a" className="JsonPatientDataExtractorLib.Tests.JsonPatientDataExtractorUnitTest, JsonPatientDataExtractorLib.Tests, Version=1.0.0.0, Culture=neutral, PublicKeyToken=null" name="Given_ValidJsonString_When_PatientDataExtractorInvoked_Expected_PatientDataObject" />
    </UnitTest>
  </TestDefinitions>
  <TestLists>
    <TestList name="Results Not in a List" id="8c84fa94-04c1-424b-9868-57a2d4851a1d" />
    <TestList name="All Loaded Results" id="19431567-8539-422a-85d7-44ee4e166bda" />
  </TestLists>
  <TestEntries>
    <TestEntry testId="106c22d0-d809-89b1-074a-ef3cae7f33f2" executionId="4a33e6df-3e4a-40f8-a1a9-0d37a37c95fd" testListId="8c84fa94-04c1-424b-9868-57a2d4851a1d" />
  </TestEntries>
  <Results>
    <UnitTestResult executionId="4a33e6df-3e4a-40f8-a1a9-0d37a37c95fd" testId="106c22d0-d809-89b1-074a-ef3cae7f33f2" testName="Given_ValidJsonString_When_PatientDataExtractorInvoked_Expected_PatientDataObject" computerName="INGBTCPIC5NBZZ5" duration="00:00:00.1661849" startTime="2019-09-16T10:51:02.9813400+05:30" endTime="2019-09-16T10:51:03.4023481+05:30" testType="13cdc9d9-ddb5-4fa4-a97d-d965ccfc6d4b" outcome="Passed" testListId="8c84fa94-04c1-424b-9868-57a2d4851a1d" relativeResultsDirectory="4a33e6df-3e4a-40f8-a1a9-0d37a37c95fd">
    </UnitTestResult>
  </Results>
</TestRun>