<?xml version="1.0" encoding="UTF-8"?>
<TestRun id="c384efd2-b0ea-4cd6-8fdd-619090ec4ab8" name="320067390@INGBTCPIC5NBZZ5 2019-09-15 14:20:44" runUser="CODE1\320067390" xmlns="http://microsoft.com/schemas/VisualStudio/TeamTest/2010">
  <TestSettings name="Default Test Settings" id="9180b687-4127-4a9a-ac7f-3198495aa937">
    <Execution>
      <TestTypeSpecific />
      <AgentRule name="Execution Agents">
      </AgentRule>
    </Execution>
    <Deployment runDeploymentRoot="320067390_INGBTCPIC5NBZZ5 2019-09-15 14_20_44" />
    <Properties />
  </TestSettings>
  <Times creation="2019-09-15T14:20:44.2790412+05:30" queuing="2019-09-15T14:20:44.7689434+05:30" start="2019-09-15T14:20:44.8259417+05:30" finish="2019-09-15T14:20:45.1569467+05:30" />
  <ResultSummary outcome="Completed">
    <Counters total="2" executed="2" passed="2" error="0" failed="0" timeout="0" aborted="0" inconclusive="0" passedButRunAborted="0" notRunnable="0" notExecuted="0" disconnected="0" warning="0" completed="0" inProgress="0" pending="0" />
  </ResultSummary>
  <TestDefinitions>
    <UnitTest name="Given_ValidSpo2Value_When_PatientSpo2Validator_Invoked_FalseExpected" storage="c:\users\320067390\music\patientmonitorserverapi2\patientmonitorserverapi\patientspo2validatorlib.tests\bin\debug\patientspo2validatorlib.tests.dll" id="ad7e33c5-8711-b931-b392-e24f15d1f059">
      <Execution id="55397d61-a3ff-4251-8aad-522253c7e1f7" />
      <TestMethod codeBase="C:/Users/320067390/Music/PatientMonitorServerApi2/PatientMonitorServerApi/PatientSpo2ValidatorLib.Tests/bin/Debug/PatientSpo2ValidatorLib.Tests.DLL" adapterTypeName="Microsoft.VisualStudio.TestTools.TestTypes.Unit.UnitTestAdapter, Microsoft.VisualStudio.QualityTools.Tips.UnitTest.Adapter, Version=12.0.0.0, Culture=neutral, PublicKeyToken=b03f5f7f11d50a3a" className="PatientSpo2ValidatorLib.Tests.PatientSpo2ValidatorUnitTest, PatientSpo2ValidatorLib.Tests, Version=1.0.0.0, Culture=neutral, PublicKeyToken=null" name="Given_ValidSpo2Value_When_PatientSpo2Validator_Invoked_FalseExpected" />
    </UnitTest>
    <UnitTest name="Given_PositiveInvalidSpo2Value_When_PatientSpo2Validator_Invoked_TrueExpected" storage="c:\users\320067390\music\patientmonitorserverapi2\patientmonitorserverapi\patientspo2validatorlib.tests\bin\debug\patientspo2validatorlib.tests.dll" id="560ce070-1b09-62ce-4dff-3cf8104b76ad">
      <Execution id="54617482-f25c-4663-bd8a-fe25e3fc87b5" />
      <TestMethod codeBase="C:/Users/320067390/Music/PatientMonitorServerApi2/PatientMonitorServerApi/PatientSpo2ValidatorLib.Tests/bin/Debug/PatientSpo2ValidatorLib.Tests.DLL" adapterTypeName="Microsoft.VisualStudio.TestTools.TestTypes.Unit.UnitTestAdapter, Microsoft.VisualStudio.QualityTools.Tips.UnitTest.Adapter, Version=12.0.0.0, Culture=neutral, PublicKeyToken=b03f5f7f11d50a3a" className="PatientSpo2ValidatorLib.Tests.PatientSpo2ValidatorUnitTest, PatientSpo2ValidatorLib.Tests, Version=1.0.0.0, Culture=neutral, PublicKeyToken=null" name="Given_PositiveInvalidSpo2Value_When_PatientSpo2Validator_Invoked_TrueExpected" />
    </UnitTest>
  </TestDefinitions>
  <TestLists>
    <TestList name="Results Not in a List" id="8c84fa94-04c1-424b-9868-57a2d4851a1d" />
    <TestList name="All Loaded Results" id="19431567-8539-422a-85d7-44ee4e166bda" />
  </TestLists>
  <TestEntries>
    <TestEntry testId="560ce070-1b09-62ce-4dff-3cf8104b76ad" executionId="54617482-f25c-4663-bd8a-fe25e3fc87b5" testListId="8c84fa94-04c1-424b-9868-57a2d4851a1d" />
    <TestEntry testId="ad7e33c5-8711-b931-b392-e24f15d1f059" executionId="55397d61-a3ff-4251-8aad-522253c7e1f7" testListId="8c84fa94-04c1-424b-9868-57a2d4851a1d" />
  </TestEntries>
  <Results>
    <UnitTestResult executionId="54617482-f25c-4663-bd8a-fe25e3fc87b5" testId="560ce070-1b09-62ce-4dff-3cf8104b76ad" testName="Given_PositiveInvalidSpo2Value_When_PatientSpo2Validator_Invoked_TrueExpected" computerName="INGBTCPIC5NBZZ5" duration="00:00:00.0152682" startTime="2019-09-15T14:20:44.8559771+05:30" endTime="2019-09-15T14:20:45.1249423+05:30" testType="13cdc9d9-ddb5-4fa4-a97d-d965ccfc6d4b" outcome="Passed" testListId="8c84fa94-04c1-424b-9868-57a2d4851a1d" relativeResultsDirectory="54617482-f25c-4663-bd8a-fe25e3fc87b5">
    </UnitTestResult>
    <UnitTestResult executionId="55397d61-a3ff-4251-8aad-522253c7e1f7" testId="ad7e33c5-8711-b931-b392-e24f15d1f059" testName="Given_ValidSpo2Value_When_PatientSpo2Validator_Invoked_FalseExpected" computerName="INGBTCPIC5NBZZ5" duration="00:00:00.0001417" startTime="2019-09-15T14:20:45.1259419+05:30" endTime="2019-09-15T14:20:45.1279409+05:30" testType="13cdc9d9-ddb5-4fa4-a97d-d965ccfc6d4b" outcome="Passed" testListId="8c84fa94-04c1-424b-9868-57a2d4851a1d" relativeResultsDirectory="55397d61-a3ff-4251-8aad-522253c7e1f7">
    </UnitTestResult>
  </Results>
</TestRun>