<?xml version="1.0" encoding="UTF-8"?>
<TestRun id="79f0563b-ee5d-422f-a7df-472113431004" name="320067390@INGBTCPIC5NBZZ5 2019-09-15 14:22:27" runUser="CODE1\320067390" xmlns="http://microsoft.com/schemas/VisualStudio/TeamTest/2010">
  <TestSettings name="Default Test Settings" id="47701339-b847-4cd2-9e47-7663e05275d3">
    <Execution>
      <TestTypeSpecific />
      <AgentRule name="Execution Agents">
      </AgentRule>
    </Execution>
    <Deployment runDeploymentRoot="320067390_INGBTCPIC5NBZZ5 2019-09-15 14_22_27" />
    <Properties />
  </TestSettings>
  <Times creation="2019-09-15T14:22:27.4022409+05:30" queuing="2019-09-15T14:22:27.9352103+05:30" start="2019-09-15T14:22:27.9962065+05:30" finish="2019-09-15T14:22:28.3492057+05:30" />
  <ResultSummary outcome="Completed">
    <Counters total="2" executed="2" passed="2" error="0" failed="0" timeout="0" aborted="0" inconclusive="0" passedButRunAborted="0" notRunnable="0" notExecuted="0" disconnected="0" warning="0" completed="0" inProgress="0" pending="0" />
  </ResultSummary>
  <TestDefinitions>
    <UnitTest name="Given_ValidSpo2Value_When_PatientSpo2Validator_Invoked_FalseExpected" storage="c:\users\320067390\music\patientmonitorserverapi2\patientmonitorserverapi\patientspo2validatorlib.tests\bin\debug\patientspo2validatorlib.tests.dll" id="ad7e33c5-8711-b931-b392-e24f15d1f059">
      <Execution id="a22c7eb3-e723-4d40-8acf-bd5abbcb1188" />
      <TestMethod codeBase="C:/Users/320067390/Music/PatientMonitorServerApi2/PatientMonitorServerApi/PatientSpo2ValidatorLib.Tests/bin/Debug/PatientSpo2ValidatorLib.Tests.DLL" adapterTypeName="Microsoft.VisualStudio.TestTools.TestTypes.Unit.UnitTestAdapter, Microsoft.VisualStudio.QualityTools.Tips.UnitTest.Adapter, Version=12.0.0.0, Culture=neutral, PublicKeyToken=b03f5f7f11d50a3a" className="PatientSpo2ValidatorLib.Tests.PatientSpo2ValidatorUnitTest, PatientSpo2ValidatorLib.Tests, Version=1.0.0.0, Culture=neutral, PublicKeyToken=null" name="Given_ValidSpo2Value_When_PatientSpo2Validator_Invoked_FalseExpected" />
    </UnitTest>
    <UnitTest name="Given_PositiveInvalidSpo2Value_When_PatientSpo2Validator_Invoked_TrueExpected" storage="c:\users\320067390\music\patientmonitorserverapi2\patientmonitorserverapi\patientspo2validatorlib.tests\bin\debug\patientspo2validatorlib.tests.dll" id="560ce070-1b09-62ce-4dff-3cf8104b76ad">
      <Execution id="00c0b38a-f9d9-46e3-9ee5-58346758152d" />
      <TestMethod codeBase="C:/Users/320067390/Music/PatientMonitorServerApi2/PatientMonitorServerApi/PatientSpo2ValidatorLib.Tests/bin/Debug/PatientSpo2ValidatorLib.Tests.DLL" adapterTypeName="Microsoft.VisualStudio.TestTools.TestTypes.Unit.UnitTestAdapter, Microsoft.VisualStudio.QualityTools.Tips.UnitTest.Adapter, Version=12.0.0.0, Culture=neutral, PublicKeyToken=b03f5f7f11d50a3a" className="PatientSpo2ValidatorLib.Tests.PatientSpo2ValidatorUnitTest, PatientSpo2ValidatorLib.Tests, Version=1.0.0.0, Culture=neutral, PublicKeyToken=null" name="Given_PositiveInvalidSpo2Value_When_PatientSpo2Validator_Invoked_TrueExpected" />
    </UnitTest>
  </TestDefinitions>
  <TestLists>
    <TestList name="Results Not in a List" id="8c84fa94-04c1-424b-9868-57a2d4851a1d" />
    <TestList name="All Loaded Results" id="19431567-8539-422a-85d7-44ee4e166bda" />
  </TestLists>
  <TestEntries>
    <TestEntry testId="560ce070-1b09-62ce-4dff-3cf8104b76ad" executionId="00c0b38a-f9d9-46e3-9ee5-58346758152d" testListId="8c84fa94-04c1-424b-9868-57a2d4851a1d" />
    <TestEntry testId="ad7e33c5-8711-b931-b392-e24f15d1f059" executionId="a22c7eb3-e723-4d40-8acf-bd5abbcb1188" testListId="8c84fa94-04c1-424b-9868-57a2d4851a1d" />
  </TestEntries>
  <Results>
    <UnitTestResult executionId="00c0b38a-f9d9-46e3-9ee5-58346758152d" testId="560ce070-1b09-62ce-4dff-3cf8104b76ad" testName="Given_PositiveInvalidSpo2Value_When_PatientSpo2Validator_Invoked_TrueExpected" computerName="INGBTCPIC5NBZZ5" duration="00:00:00.0155002" startTime="2019-09-15T14:22:28.0242043+05:30" endTime="2019-09-15T14:22:28.3142103+05:30" testType="13cdc9d9-ddb5-4fa4-a97d-d965ccfc6d4b" outcome="Passed" testListId="8c84fa94-04c1-424b-9868-57a2d4851a1d" relativeResultsDirectory="00c0b38a-f9d9-46e3-9ee5-58346758152d">
    </UnitTestResult>
    <UnitTestResult executionId="a22c7eb3-e723-4d40-8acf-bd5abbcb1188" testId="ad7e33c5-8711-b931-b392-e24f15d1f059" testName="Given_ValidSpo2Value_When_PatientSpo2Validator_Invoked_FalseExpected" computerName="INGBTCPIC5NBZZ5" duration="00:00:00.0001411" startTime="2019-09-15T14:22:28.3152415+05:30" endTime="2019-09-15T14:22:28.3172060+05:30" testType="13cdc9d9-ddb5-4fa4-a97d-d965ccfc6d4b" outcome="Passed" testListId="8c84fa94-04c1-424b-9868-57a2d4851a1d" relativeResultsDirectory="a22c7eb3-e723-4d40-8acf-bd5abbcb1188">
    </UnitTestResult>
  </Results>
</TestRun>