<?xml version="1.0" encoding="UTF-8"?>
<TestRun id="305956a5-6551-4bc7-93fb-11f2640b447a" name="320067390@INGBTCPIC5NBZZ5 2019-09-15 14:22:31" runUser="CODE1\320067390" xmlns="http://microsoft.com/schemas/VisualStudio/TeamTest/2010">
  <TestSettings name="Default Test Settings" id="9a613d64-da7e-486e-88b1-52238489a5d5">
    <Execution>
      <TestTypeSpecific />
      <AgentRule name="Execution Agents">
      </AgentRule>
    </Execution>
    <Deployment runDeploymentRoot="320067390_INGBTCPIC5NBZZ5 2019-09-15 14_22_31" />
    <Properties />
  </TestSettings>
  <Times creation="2019-09-15T14:22:31.1993103+05:30" queuing="2019-09-15T14:22:31.6933094+05:30" start="2019-09-15T14:22:31.7503101+05:30" finish="2019-09-15T14:22:32.0823463+05:30" />
  <ResultSummary outcome="Completed">
    <Counters total="2" executed="2" passed="2" error="0" failed="0" timeout="0" aborted="0" inconclusive="0" passedButRunAborted="0" notRunnable="0" notExecuted="0" disconnected="0" warning="0" completed="0" inProgress="0" pending="0" />
  </ResultSummary>
  <TestDefinitions>
    <UnitTest name="Given_PositiveInvalidPulseRateValue_When_PatientPulseRateValidator_Invoked_TrueExpected" storage="c:\users\320067390\music\patientmonitorserverapi2\patientmonitorserverapi\patientpulseratevalidatorlib.tests\bin\debug\patientpulseratevalidatorlib.tests.dll" id="69d5a71b-2649-71c7-d2d0-8b13daff0c6f">
      <Execution id="cbfe536c-4723-4974-abe5-1d22f8cbc3dc" />
      <TestMethod codeBase="C:/Users/320067390/Music/PatientMonitorServerApi2/PatientMonitorServerApi/PatientPulseRateValidatorLib.Tests/bin/Debug/PatientPulseRateValidatorLib.Tests.DLL" adapterTypeName="Microsoft.VisualStudio.TestTools.TestTypes.Unit.UnitTestAdapter, Microsoft.VisualStudio.QualityTools.Tips.UnitTest.Adapter, Version=12.0.0.0, Culture=neutral, PublicKeyToken=b03f5f7f11d50a3a" className="PatientPulseRateValidatorLib.Tests.PatientPulseRateValidatorUnitTest, PatientPulseRateValidatorLib.Tests, Version=1.0.0.0, Culture=neutral, PublicKeyToken=null" name="Given_PositiveInvalidPulseRateValue_When_PatientPulseRateValidator_Invoked_TrueExpected" />
    </UnitTest>
    <UnitTest name="Given_ValidPulseRateValue_When_PatientPulseRateValidator_Invoked_FalseExpected" storage="c:\users\320067390\music\patientmonitorserverapi2\patientmonitorserverapi\patientpulseratevalidatorlib.tests\bin\debug\patientpulseratevalidatorlib.tests.dll" id="db7a1cfc-97ce-8d9a-5685-6fe713fc324f">
      <Execution id="f08533ca-f46e-4450-aab3-a0c0788ee43d" />
      <TestMethod codeBase="C:/Users/320067390/Music/PatientMonitorServerApi2/PatientMonitorServerApi/PatientPulseRateValidatorLib.Tests/bin/Debug/PatientPulseRateValidatorLib.Tests.DLL" adapterTypeName="Microsoft.VisualStudio.TestTools.TestTypes.Unit.UnitTestAdapter, Microsoft.VisualStudio.QualityTools.Tips.UnitTest.Adapter, Version=12.0.0.0, Culture=neutral, PublicKeyToken=b03f5f7f11d50a3a" className="PatientPulseRateValidatorLib.Tests.PatientPulseRateValidatorUnitTest, PatientPulseRateValidatorLib.Tests, Version=1.0.0.0, Culture=neutral, PublicKeyToken=null" name="Given_ValidPulseRateValue_When_PatientPulseRateValidator_Invoked_FalseExpected" />
    </UnitTest>
  </TestDefinitions>
  <TestLists>
    <TestList name="Results Not in a List" id="8c84fa94-04c1-424b-9868-57a2d4851a1d" />
    <TestList name="All Loaded Results" id="19431567-8539-422a-85d7-44ee4e166bda" />
  </TestLists>
  <TestEntries>
    <TestEntry testId="69d5a71b-2649-71c7-d2d0-8b13daff0c6f" executionId="cbfe536c-4723-4974-abe5-1d22f8cbc3dc" testListId="8c84fa94-04c1-424b-9868-57a2d4851a1d" />
    <TestEntry testId="db7a1cfc-97ce-8d9a-5685-6fe713fc324f" executionId="f08533ca-f46e-4450-aab3-a0c0788ee43d" testListId="8c84fa94-04c1-424b-9868-57a2d4851a1d" />
  </TestEntries>
  <Results>
    <UnitTestResult executionId="cbfe536c-4723-4974-abe5-1d22f8cbc3dc" testId="69d5a71b-2649-71c7-d2d0-8b13daff0c6f" testName="Given_PositiveInvalidPulseRateValue_When_PatientPulseRateValidator_Invoked_TrueExpected" computerName="INGBTCPIC5NBZZ5" duration="00:00:00.0152457" startTime="2019-09-15T14:22:31.7773102+05:30" endTime="2019-09-15T14:22:32.0473097+05:30" testType="13cdc9d9-ddb5-4fa4-a97d-d965ccfc6d4b" outcome="Passed" testListId="8c84fa94-04c1-424b-9868-57a2d4851a1d" relativeResultsDirectory="cbfe536c-4723-4974-abe5-1d22f8cbc3dc">
    </UnitTestResult>
    <UnitTestResult executionId="f08533ca-f46e-4450-aab3-a0c0788ee43d" testId="db7a1cfc-97ce-8d9a-5685-6fe713fc324f" testName="Given_ValidPulseRateValue_When_PatientPulseRateValidator_Invoked_FalseExpected" computerName="INGBTCPIC5NBZZ5" duration="00:00:00.0001355" startTime="2019-09-15T14:22:32.0483122+05:30" endTime="2019-09-15T14:22:32.0503531+05:30" testType="13cdc9d9-ddb5-4fa4-a97d-d965ccfc6d4b" outcome="Passed" testListId="8c84fa94-04c1-424b-9868-57a2d4851a1d" relativeResultsDirectory="f08533ca-f46e-4450-aab3-a0c0788ee43d">
    </UnitTestResult>
  </Results>
</TestRun>