<?xml version="1.0" encoding="UTF-8"?>
<TestRun id="7845353a-382f-4d19-b826-914b9af4180a" name="320067390@INGBTCPIC5NBZZ5 2019-09-15 14:14:41" runUser="CODE1\320067390" xmlns="http://microsoft.com/schemas/VisualStudio/TeamTest/2010">
  <TestSettings name="Default Test Settings" id="5bf29d80-6b14-4f03-accb-bedf517cb972">
    <Execution>
      <TestTypeSpecific />
      <AgentRule name="Execution Agents">
      </AgentRule>
    </Execution>
    <Deployment runDeploymentRoot="320067390_INGBTCPIC5NBZZ5 2019-09-15 14_14_41" />
    <Properties />
  </TestSettings>
  <Times creation="2019-09-15T14:14:41.0187942+05:30" queuing="2019-09-15T14:14:41.5387929+05:30" start="2019-09-15T14:14:41.6147937+05:30" finish="2019-09-15T14:14:41.9597928+05:30" />
  <ResultSummary outcome="Completed">
    <Counters total="2" executed="2" passed="2" error="0" failed="0" timeout="0" aborted="0" inconclusive="0" passedButRunAborted="0" notRunnable="0" notExecuted="0" disconnected="0" warning="0" completed="0" inProgress="0" pending="0" />
  </ResultSummary>
  <TestDefinitions>
    <UnitTest name="Given_PositiveInvalidPulseRateValue_When_PatientPulseRateValidator_Invoked_TrueExpected" storage="c:\users\320067390\music\patientmonitorserverapi2\patientmonitorserverapi\patientpulseratevalidatorlib.tests\bin\debug\patientpulseratevalidatorlib.tests.dll" id="69d5a71b-2649-71c7-d2d0-8b13daff0c6f">
      <Execution id="93a897f0-4cdb-4eab-a7b4-516a12a72369" />
      <TestMethod codeBase="C:/Users/320067390/Music/PatientMonitorServerApi2/PatientMonitorServerApi/PatientPulseRateValidatorLib.Tests/bin/Debug/PatientPulseRateValidatorLib.Tests.DLL" adapterTypeName="Microsoft.VisualStudio.TestTools.TestTypes.Unit.UnitTestAdapter, Microsoft.VisualStudio.QualityTools.Tips.UnitTest.Adapter, Version=12.0.0.0, Culture=neutral, PublicKeyToken=b03f5f7f11d50a3a" className="PatientPulseRateValidatorLib.Tests.PatientPulseRateValidatorUnitTest, PatientPulseRateValidatorLib.Tests, Version=1.0.0.0, Culture=neutral, PublicKeyToken=null" name="Given_PositiveInvalidPulseRateValue_When_PatientPulseRateValidator_Invoked_TrueExpected" />
    </UnitTest>
    <UnitTest name="Given_ValidPulseRateValue_When_PatientPulseRateValidator_Invoked_FalseExpected" storage="c:\users\320067390\music\patientmonitorserverapi2\patientmonitorserverapi\patientpulseratevalidatorlib.tests\bin\debug\patientpulseratevalidatorlib.tests.dll" id="db7a1cfc-97ce-8d9a-5685-6fe713fc324f">
      <Execution id="14f947b1-5063-4ab5-8c7b-269153ed92cc" />
      <TestMethod codeBase="C:/Users/320067390/Music/PatientMonitorServerApi2/PatientMonitorServerApi/PatientPulseRateValidatorLib.Tests/bin/Debug/PatientPulseRateValidatorLib.Tests.DLL" adapterTypeName="Microsoft.VisualStudio.TestTools.TestTypes.Unit.UnitTestAdapter, Microsoft.VisualStudio.QualityTools.Tips.UnitTest.Adapter, Version=12.0.0.0, Culture=neutral, PublicKeyToken=b03f5f7f11d50a3a" className="PatientPulseRateValidatorLib.Tests.PatientPulseRateValidatorUnitTest, PatientPulseRateValidatorLib.Tests, Version=1.0.0.0, Culture=neutral, PublicKeyToken=null" name="Given_ValidPulseRateValue_When_PatientPulseRateValidator_Invoked_FalseExpected" />
    </UnitTest>
  </TestDefinitions>
  <TestLists>
    <TestList name="Results Not in a List" id="8c84fa94-04c1-424b-9868-57a2d4851a1d" />
    <TestList name="All Loaded Results" id="19431567-8539-422a-85d7-44ee4e166bda" />
  </TestLists>
  <TestEntries>
    <TestEntry testId="69d5a71b-2649-71c7-d2d0-8b13daff0c6f" executionId="93a897f0-4cdb-4eab-a7b4-516a12a72369" testListId="8c84fa94-04c1-424b-9868-57a2d4851a1d" />
    <TestEntry testId="db7a1cfc-97ce-8d9a-5685-6fe713fc324f" executionId="14f947b1-5063-4ab5-8c7b-269153ed92cc" testListId="8c84fa94-04c1-424b-9868-57a2d4851a1d" />
  </TestEntries>
  <Results>
    <UnitTestResult executionId="93a897f0-4cdb-4eab-a7b4-516a12a72369" testId="69d5a71b-2649-71c7-d2d0-8b13daff0c6f" testName="Given_PositiveInvalidPulseRateValue_When_PatientPulseRateValidator_Invoked_TrueExpected" computerName="INGBTCPIC5NBZZ5" duration="00:00:00.0150573" startTime="2019-09-15T14:14:41.6497931+05:30" endTime="2019-09-15T14:14:41.9237989+05:30" testType="13cdc9d9-ddb5-4fa4-a97d-d965ccfc6d4b" outcome="Passed" testListId="8c84fa94-04c1-424b-9868-57a2d4851a1d" relativeResultsDirectory="93a897f0-4cdb-4eab-a7b4-516a12a72369">
    </UnitTestResult>
    <UnitTestResult executionId="14f947b1-5063-4ab5-8c7b-269153ed92cc" testId="db7a1cfc-97ce-8d9a-5685-6fe713fc324f" testName="Given_ValidPulseRateValue_When_PatientPulseRateValidator_Invoked_FalseExpected" computerName="INGBTCPIC5NBZZ5" duration="00:00:00.0001380" startTime="2019-09-15T14:14:41.9247939+05:30" endTime="2019-09-15T14:14:41.9267942+05:30" testType="13cdc9d9-ddb5-4fa4-a97d-d965ccfc6d4b" outcome="Passed" testListId="8c84fa94-04c1-424b-9868-57a2d4851a1d" relativeResultsDirectory="14f947b1-5063-4ab5-8c7b-269153ed92cc">
    </UnitTestResult>
  </Results>
</TestRun>